Performing C SOURCE FILE Test CMAKE_HAVE_LIBC_PTHREAD failed with the following output:
Change Dir: /media/piyush/BlackHole/WPI/Motion Planning course/Project/ROS_ws/build/CMakeFiles/CMakeTmp

Run Build Command(s):/usr/bin/make cmTC_ca1a2/fast && /usr/bin/make -f CMakeFiles/cmTC_ca1a2.dir/build.make CMakeFiles/cmTC_ca1a2.dir/build
make[1]: Entering directory '/media/piyush/BlackHole/WPI/Motion Planning course/Project/ROS_ws/build/CMakeFiles/CMakeTmp'
Building C object CMakeFiles/cmTC_ca1a2.dir/src.c.o
/usr/bin/cc   -DCMAKE_HAVE_LIBC_PTHREAD   -o CMakeFiles/cmTC_ca1a2.dir/src.c.o   -c "/media/piyush/BlackHole/WPI/Motion Planning course/Project/ROS_ws/build/CMakeFiles/CMakeTmp/src.c"
Linking C executable cmTC_ca1a2
/usr/bin/cmake -E cmake_link_script CMakeFiles/cmTC_ca1a2.dir/link.txt --verbose=1
/usr/bin/cc  -DCMAKE_HAVE_LIBC_PTHREAD    -rdynamic CMakeFiles/cmTC_ca1a2.dir/src.c.o  -o cmTC_ca1a2 
/usr/bin/ld: CMakeFiles/cmTC_ca1a2.dir/src.c.o: in function `main':
src.c:(.text+0x46): undefined reference to `pthread_create'
/usr/bin/ld: src.c:(.text+0x52): undefined reference to `pthread_detach'
/usr/bin/ld: src.c:(.text+0x63): undefined reference to `pthread_join'
collect2: error: ld returned 1 exit status
make[1]: *** [CMakeFiles/cmTC_ca1a2.dir/build.make:87: cmTC_ca1a2] Error 1
make[1]: Leaving directory '/media/piyush/BlackHole/WPI/Motion Planning course/Project/ROS_ws/build/CMakeFiles/CMakeTmp'
make: *** [Makefile:121: cmTC_ca1a2/fast] Error 2


Source file was:
#include <pthread.h>

void* test_func(void* data)
{
  return data;
}

int main(void)
{
  pthread_t thread;
  pthread_create(&thread, NULL, test_func, NULL);
  pthread_detach(thread);
  pthread_join(thread, NULL);
  pthread_atfork(NULL, NULL, NULL);
  pthread_exit(NULL);

  return 0;
}

Determining if the function pthread_create exists in the pthreads failed with the following output:
Change Dir: /media/piyush/BlackHole/WPI/Motion Planning course/Project/ROS_ws/build/CMakeFiles/CMakeTmp

Run Build Command(s):/usr/bin/make cmTC_4a66d/fast && /usr/bin/make -f CMakeFiles/cmTC_4a66d.dir/build.make CMakeFiles/cmTC_4a66d.dir/build
make[1]: Entering directory '/media/piyush/BlackHole/WPI/Motion Planning course/Project/ROS_ws/build/CMakeFiles/CMakeTmp'
Building C object CMakeFiles/cmTC_4a66d.dir/CheckFunctionExists.c.o
/usr/bin/cc   -DCHECK_FUNCTION_EXISTS=pthread_create   -o CMakeFiles/cmTC_4a66d.dir/CheckFunctionExists.c.o   -c /usr/share/cmake-3.16/Modules/CheckFunctionExists.c
Linking C executable cmTC_4a66d
/usr/bin/cmake -E cmake_link_script CMakeFiles/cmTC_4a66d.dir/link.txt --verbose=1
/usr/bin/cc  -DCHECK_FUNCTION_EXISTS=pthread_create    -rdynamic CMakeFiles/cmTC_4a66d.dir/CheckFunctionExists.c.o  -o cmTC_4a66d  -lpthreads 
/usr/bin/ld: cannot find -lpthreads
collect2: error: ld returned 1 exit status
make[1]: *** [CMakeFiles/cmTC_4a66d.dir/build.make:87: cmTC_4a66d] Error 1
make[1]: Leaving directory '/media/piyush/BlackHole/WPI/Motion Planning course/Project/ROS_ws/build/CMakeFiles/CMakeTmp'
make: *** [Makefile:121: cmTC_4a66d/fast] Error 2



